<!DOCTYPE html PUBLIC "-//W3C//DTD XHTML 1.1//EN" "http://www.w3.org/TR/xhtml11/DTD/xhtml11.dtd">
<html xmlns="http://www.w3.org/1999/xhtml"><head><title>TestNG Report</title><style type="text/css">table {margin-bottom:10px;border-collapse:collapse;empty-cells:show}th,td {border:1px solid #009;padding:.25em .5em}th {vertical-align:bottom}td {vertical-align:top}table a {font-weight:bold}.stripe td {background-color: #E6EBF9}.num {text-align:right}.passedodd td {background-color: #3F3}.passedeven td {background-color: #0A0}.skippedodd td {background-color: #DDD}.skippedeven td {background-color: #CCC}.failedodd td,.attn {background-color: #F33}.failedeven td,.stripe .attn {background-color: #D00}.stacktrace {white-space:pre;font-family:monospace}.totop {font-size:85%;text-align:center;border-bottom:2px solid #000}</style></head><body><table><tr><th>Test</th><th># Passed</th><th># Skipped</th><th># Failed</th><th>Time (ms)</th><th>Included Groups</th><th>Excluded Groups</th></tr><tr><th colspan="7">Default suite</th></tr><tr><td><a href="#t0">Default test</a></td><td class="num">1</td><td class="num">0</td><td class="num attn">1</td><td class="num">752,179</td><td></td><td></td></tr></table><table><thead><tr><th>Class</th><th>Method</th><th>Start</th><th>Time (ms)</th></tr></thead><tbody><tr><th colspan="4">Default suite</th></tr></tbody><tbody id="t0"><tr><th colspan="4">Default test &#8212; failed</th></tr><tr class="failedeven"><td rowspan="1">com.perfecto.sample.tests.SampleTests</td><td><a href="#m0">Test2</a></td><td rowspan="1">1494594060720</td><td rowspan="1">164575</td></tr><tr><th colspan="4">Default test &#8212; passed</th></tr><tr class="passedeven"><td rowspan="1">com.perfecto.sample.tests.SampleTests</td><td><a href="#m1">LocationSet</a></td><td rowspan="1">1494593476085</td><td rowspan="1">584587</td></tr></tbody></table><h2>Default test</h2><h3 id="m0">com.perfecto.sample.tests.SampleTests#Test2</h3><table class="result"><tr><th>Messages</th></tr><tr><td><div class="messages"><div style="display:block;margin-left:10px;"><div  class="pass"><span class="pass-label">P </span>Expected page title visible : Actual page title visible <a href="img/Test2_aus65tpn8enj40072.png" target="_blank">[View Screenshot]</a> </div><div  class="info"><span class="info-label">I </span>Image has been added succesfully <a href="img/Test2_pcdpqdjhw1en40073.png" target="_blank">[View Screenshot]</a> </div><div  class="fail"><span class="fail-label">F </span>Timed out after 60 seconds waiting for presence of element located by: By.xpath: //*[@label="Assign to me"]
Build info: version: '2.53.0', revision: '35ae25b1534ae328c771e0856c93e187490ca824', time: '2016-03-15 10:43:46'
System info: host: 'ICPL12425', ip: '192.168.169.2', os.name: 'Windows 8', os.arch: 'amd64', os.version: '6.2', java.version: '1.8.0_121'
Driver info: driver.version: QAFExtendedWebDriver <a href="img/Test2_gehwjvftm48y40074.png" target="_blank">[View Screenshot]</a> </div></div></div></td></tr><tr><th>Exception</th></tr><tr><td><div class="stacktrace">org.openqa.selenium.TimeoutException: Timed out after 60 seconds waiting for presence of element located by: By.xpath: //*[@label=&quot;Assign to me&quot;]
Build info: version: &apos;2.53.0&apos;, revision: &apos;35ae25b1534ae328c771e0856c93e187490ca824&apos;, time: &apos;2016-03-15 10:43:46&apos;
System info: host: &apos;ICPL12425&apos;, ip: &apos;192.168.169.2&apos;, os.name: &apos;Windows 8&apos;, os.arch: &apos;amd64&apos;, os.version: &apos;6.2&apos;, java.version: &apos;1.8.0_121&apos;
Driver info: driver.version: QAFExtendedWebDriver
	at org.openqa.selenium.support.ui.FluentWait.timeoutException(FluentWait.java:292)
	at org.openqa.selenium.support.ui.FluentWait.until(FluentWait.java:261)
	at com.qmetry.qaf.automation.ui.webdriver.QAFExtendedWebDriver.load(QAFExtendedWebDriver.java:214)
	at com.qmetry.qaf.automation.ui.webdriver.QAFExtendedWebElement.load(QAFExtendedWebElement.java:284)
	at com.qmetry.qaf.automation.ui.webdriver.QAFExtendedWebElement.execute(QAFExtendedWebElement.java:239)
	at org.openqa.selenium.remote.RemoteWebElement.click(RemoteWebElement.java:85)
	at com.perfecto.sample.pages.TaskdetailsTestPage.assignToMe(TaskdetailsTestPage.java:94)
	at com.perfecto.sample.tests.SampleTests.Test2(SampleTests.java:86)
	at sun.reflect.NativeMethodAccessorImpl.invoke0(Native Method)
	at sun.reflect.NativeMethodAccessorImpl.invoke(NativeMethodAccessorImpl.java:62)
	at sun.reflect.DelegatingMethodAccessorImpl.invoke(DelegatingMethodAccessorImpl.java:43)
	at java.lang.reflect.Method.invoke(Method.java:498)
	at org.testng.internal.MethodInvocationHelper.invokeMethod(MethodInvocationHelper.java:104)
	at org.testng.internal.Invoker.invokeMethod(Invoker.java:645)
	at org.testng.internal.Invoker.invokeTestMethod(Invoker.java:851)
	at org.testng.internal.Invoker.invokeTestMethods(Invoker.java:1177)
	at org.testng.internal.TestMethodWorker.invokeTestMethods(TestMethodWorker.java:129)
	at org.testng.internal.TestMethodWorker.run(TestMethodWorker.java:112)
	at org.testng.TestRunner.privateRun(TestRunner.java:781)
	at org.testng.TestRunner.run(TestRunner.java:635)
	at org.testng.SuiteRunner.runTest(SuiteRunner.java:387)
	at org.testng.SuiteRunner.runSequentially(SuiteRunner.java:382)
	at org.testng.SuiteRunner.privateRun(SuiteRunner.java:340)
	at org.testng.SuiteRunner.run(SuiteRunner.java:289)
	at org.testng.SuiteRunnerWorker.runSuite(SuiteRunnerWorker.java:52)
	at org.testng.SuiteRunnerWorker.run(SuiteRunnerWorker.java:86)
	at org.testng.TestNG.runSuitesSequentially(TestNG.java:1293)
	at org.testng.TestNG.runSuitesLocally(TestNG.java:1218)
	at org.testng.TestNG.runSuites(TestNG.java:1133)
	at org.testng.TestNG.run(TestNG.java:1104)
	at org.testng.remote.AbstractRemoteTestNG.run(AbstractRemoteTestNG.java:132)
	at org.testng.remote.RemoteTestNG.initAndRun(RemoteTestNG.java:236)
	at org.testng.remote.RemoteTestNG.main(RemoteTestNG.java:81)
Caused by: org.openqa.selenium.NoSuchElementException: Element with by xpath &apos;//*[@label=&quot;Assign to me&quot;]&apos; wasn&apos;t found.
For documentation on this error, please visit: http://seleniumhq.org/exceptions/no_such_element.html
Build info: version: &apos;2.48.2&apos;, revision: &apos;41bccdd10cf2c0560f637404c2d96164b67d9d67&apos;, time: &apos;2015-10-09 13:08:06&apos;
System info: host: &apos;acdfd5587953&apos;, ip: &apos;172.18.0.4&apos;, os.name: &apos;Linux&apos;, os.arch: &apos;amd64&apos;, os.version: &apos;4.4.0-47-generic&apos;, java.version: &apos;1.8.0_102&apos;
Driver info: driver.version: EventFiringWebDriver
Command duration or timeout: 1.53 seconds
For documentation on this error, please visit: http://seleniumhq.org/exceptions/no_such_element.html
Build info: version: &apos;2.53.0&apos;, revision: &apos;35ae25b1534ae328c771e0856c93e187490ca824&apos;, time: &apos;2016-03-15 10:43:46&apos;
System info: host: &apos;ICPL12425&apos;, ip: &apos;192.168.169.2&apos;, os.name: &apos;Windows 8&apos;, os.arch: &apos;amd64&apos;, os.version: &apos;6.2&apos;, java.version: &apos;1.8.0_121&apos;
Driver info: com.qmetry.qaf.automation.ui.webdriver.QAFExtendedWebDriver
Capabilities [{appPackage=com.infostretch.sourceapp, reportPdfUrl=https://partners.reporting-01.perfectomobile.com/export/api/v1/test-executions/pdf?externalId[0]=is_user1@infostretch.com_RemoteWebDriver_17-05-12_12_51_17_16772&amp;timestamp=1494593477452, appPath=PUBLIC:Public Media	rainingperfectoResigned_FieldService.ipa, deviceName=883A694706D73CD320FEFEC47F3ECF69BD97C9CD, platform=ANY, password=, driverClass=io.appium.java_client.ios.IOSDriver, automationName=Appium, host=partners.perfectomobile.com, singleTestReportUrl=https://partners.perfectomobile.com/nexperience/singletest/report/?reportRepositoryKey=PRIVATE:RemoteWebDriver/170512/RemoteWebDriver_17-05-12_12_51_17_16772.xml&amp;ownerId=is_user1@infostretch.com&amp;sharingCode=3a0ad03e-b64f-4db7-87e0-2ccc4f2ed5bb, takesScreenshot=true, javascriptEnabled=true, platformName=iOS, applicationName=FieldService, rotatable=true, testGridReportUrl=https://partners.reporting-01.perfectomobile.com?externalId[0]=is_user1@infostretch.com_RemoteWebDriver_17-05-12_12_51_17_16772&amp;timestamp=1494593477452, entityType=appium_driver, bundleId=com.infostretch.inhouseapp, offlineToken=, serverConnector=, executionId=is_user1@infostretch.com_RemoteWebDriver_17-05-12_12_51_17_16772, webdriver.remote.sessionid=c6803eeb-f2d5-433b-aaf4-e99ca255a5b0, autoLaunch=false, locationContextEnabled=true, scriptName=RemoteWebDriver, reportKey=PRIVATE:RemoteWebDriver/170512/RemoteWebDriver_17-05-12_12_51_17_16772.xml, windTunnelReportUrl=https://partners.perfectomobile.com/nexperience/singletest/report/?reportRepositoryKey=PRIVATE:RemoteWebDriver/170512/RemoteWebDriver_17-05-12_12_51_17_16772.xml&amp;ownerId=is_user1@infostretch.com&amp;sharingCode=3a0ad03e-b64f-4db7-87e0-2ccc4f2ed5bb, user=, cssSelectorsEnabled=true, autoAcceptAlerts=true}]
Session ID: c6803eeb-f2d5-433b-aaf4-e99ca255a5b0
*** Element info: {Using=xpath, value=//*[@label=&quot;Assign to me&quot;]}
	at sun.reflect.GeneratedConstructorAccessor18.newInstance(Unknown Source)
	at sun.reflect.DelegatingConstructorAccessorImpl.newInstance(DelegatingConstructorAccessorImpl.java:45)
	at java.lang.reflect.Constructor.newInstance(Constructor.java:423)
	at org.openqa.selenium.remote.ErrorHandler.createThrowable(ErrorHandler.java:206)
	at org.openqa.selenium.remote.ErrorHandler.throwIfResponseFailed(ErrorHandler.java:158)
	at org.openqa.selenium.remote.RemoteWebDriver.execute(RemoteWebDriver.java:678)
	at com.qmetry.qaf.automation.ui.webdriver.QAFExtendedWebDriver.execute(QAFExtendedWebDriver.java:234)
	at org.openqa.selenium.remote.RemoteWebDriver.findElement(RemoteWebDriver.java:363)
	at org.openqa.selenium.remote.RemoteWebDriver.findElementByXPath(RemoteWebDriver.java:500)
	at com.qmetry.qaf.automation.ui.webdriver.QAFExtendedWebDriver.findElementByXPath(QAFExtendedWebDriver.java:398)
	at com.qmetry.qaf.automation.ui.webdriver.QAFExtendedWebDriver.findElementByXPath(QAFExtendedWebDriver.java:1)
	at org.openqa.selenium.By$ByXPath.findElement(By.java:361)
	at org.openqa.selenium.remote.RemoteWebDriver.findElement(RemoteWebDriver.java:355)
	at com.qmetry.qaf.automation.ui.webdriver.QAFExtendedWebDriver.findElement(QAFExtendedWebDriver.java:169)
	at com.qmetry.qaf.automation.ui.webdriver.QAFExtendedWebDriver.findElement(QAFExtendedWebDriver.java:1)
	at org.openqa.selenium.support.ui.ExpectedConditions.findElement(ExpectedConditions.java:899)
	at org.openqa.selenium.support.ui.ExpectedConditions.access$000(ExpectedConditions.java:41)
	at org.openqa.selenium.support.ui.ExpectedConditions$6.apply(ExpectedConditions.java:181)
	at org.openqa.selenium.support.ui.ExpectedConditions$6.apply(ExpectedConditions.java:178)
	at org.openqa.selenium.support.ui.FluentWait.until(FluentWait.java:238)
	... 31 more
Caused by: org.openqa.selenium.NoSuchElementException: Element with by xpath &apos;//*[@label=&quot;Assign to me&quot;]&apos; wasn&apos;t found.
For documentation on this error, please visit: http://seleniumhq.org/exceptions/no_such_element.html
Build info: version: &apos;2.48.2&apos;, revision: &apos;41bccdd10cf2c0560f637404c2d96164b67d9d67&apos;, time: &apos;2015-10-09 13:08:06&apos;
System info: host: &apos;acdfd5587953&apos;, ip: &apos;172.18.0.4&apos;, os.name: &apos;Linux&apos;, os.arch: &apos;amd64&apos;, os.version: &apos;4.4.0-47-generic&apos;, java.version: &apos;1.8.0_102&apos;
Driver info: driver.version: EventFiringWebDriver
For documentation on this error, please visit: http://seleniumhq.org/exceptions/no_such_element.html
Build info: version: &apos;2.53.0&apos;, revision: &apos;35ae25b1534ae328c771e0856c93e187490ca824&apos;, time: &apos;2016-03-15 10:43:46&apos;
System info: host: &apos;ICPL12425&apos;, ip: &apos;192.168.169.2&apos;, os.name: &apos;Windows 8&apos;, os.arch: &apos;amd64&apos;, os.version: &apos;6.2&apos;, java.version: &apos;1.8.0_121&apos;
Driver info: driver.version: EventFiringWebDriver
	at com.perfectomobile.selenium.MobileApplication.getSingleElement(MobileApplication.java:370)
	at com.perfectomobile.selenium.MobileApplication.findElementByXPath(MobileApplication.java:211)
	at org.openqa.selenium.By$ByXPath.findElement(By.java:361)
	at com.perfectomobile.selenium.MobileApplication.findElement(MobileApplication.java:150)
	at com.perfectomobile.selenium.server.PerfectoMobileDriver.findElement(PerfectoMobileDriver.java:739)
	at sun.reflect.GeneratedMethodAccessor2755.invoke(Unknown Source)
	at sun.reflect.DelegatingMethodAccessorImpl.invoke(DelegatingMethodAccessorImpl.java:43)
	at java.lang.reflect.Method.invoke(Method.java:498)
	at org.openqa.selenium.support.events.EventFiringWebDriver$2.invoke(EventFiringWebDriver.java:102)
	at com.sun.proxy.$Proxy268.findElement(Unknown Source)
	at org.openqa.selenium.support.events.EventFiringWebDriver.findElement(EventFiringWebDriver.java:187)
	at org.openqa.selenium.remote.server.handler.FindElement.call(FindElement.java:48)
	at org.openqa.selenium.remote.server.handler.FindElement.call(FindElement.java:33)
	at java.util.concurrent.FutureTask.run(FutureTask.java:266)
	at org.openqa.selenium.remote.server.MobileDefaultSession$1.run(MobileDefaultSession.java:188)
	at java.util.concurrent.ThreadPoolExecutor.runWorker(ThreadPoolExecutor.java:1142)
	at java.util.concurrent.ThreadPoolExecutor$Worker.run(ThreadPoolExecutor.java:617)
	at java.lang.Thread.run(Thread.java:745)
</div></td></tr></table><p class="totop"><a href="#summary">back to summary</a></p><h3 id="m1">com.perfecto.sample.tests.SampleTests#LocationSet</h3><table class="result"><tr><th>Messages</th></tr><tr><td><div class="messages"><div style="display:block;margin-left:10px;"><div  class="info"><span class="info-label">I </span>Location set to : Pune</div><div  class="info"><span class="info-label">I </span>Location set to : Ahmedabad, Gujrat</div></div></div></td></tr></table><p class="totop"><a href="#summary">back to summary</a></p></body></html>